<?xml version="1.0" encoding="UTF-8"?>
<!-- Generated by org.testng.reporters.JUnitReportReporter -->
<testsuite hostname="192-180-005-027.res.spectrum.com" failures="0" tests="1" name="cuesz.dashboard.advocate.Step12_DB_navlinktest" time="28.173" errors="0" timestamp="27 Dec 2023 12:13:49 GMT" skipped="0">
  <testcase classname="cuesz.dashboard.advocate.Step12_DB_navlinktest" name="advocateScheduleEventTest" time="28.173"/>
</testsuite> <!-- cuesz.dashboard.advocate.Step12_DB_navlinktest -->
