<?xml version="1.0" encoding="UTF-8"?>
<!-- Generated by org.testng.reporters.JUnitReportReporter -->
<testsuite hostname="192-180-005-027.res.spectrum.com" failures="0" tests="1" name="cuesz.membersummarytest.advocate.Case30_MS_Deletenewgoaltest" time="46.439" errors="0" timestamp="28 Dec 2023 07:04:38 GMT" skipped="0">
  <testcase classname="cuesz.membersummarytest.advocate.Case30_MS_Deletenewgoaltest" name="advocatdeletegoaltTest" time="46.439"/>
</testsuite> <!-- cuesz.membersummarytest.advocate.Case30_MS_Deletenewgoaltest -->
