<?xml version="1.0" encoding="UTF-8"?>
<!-- Generated by org.testng.reporters.JUnitReportReporter -->
<testsuite hostname="192-180-005-027.res.spectrum.com" failures="0" tests="1" name="cuesz.membersummarytest.advocate.Case27_MS_Restoreactivitytest" time="68.468" errors="0" timestamp="28 Dec 2023 06:21:13 GMT" skipped="0">
  <testcase classname="cuesz.membersummarytest.advocate.Case27_MS_Restoreactivitytest" name="advocaterestoractivityTest" time="68.468"/>
</testsuite> <!-- cuesz.membersummarytest.advocate.Case27_MS_Restoreactivitytest -->
