<?xml version="1.0" encoding="UTF-8"?>
<!-- Generated by org.testng.reporters.JUnitReportReporter -->
<testsuite hostname="192-180-005-027.res.spectrum.com" failures="0" tests="1" name="cuesz.membersummarytest.advocate.Case22_MS_speheres_Overridetest" time="76.141" errors="0" timestamp="28 Dec 2023 06:21:13 GMT" skipped="0">
  <testcase classname="cuesz.membersummarytest.advocate.Case22_MS_speheres_Overridetest" name="advocateoverridefeatureTest" time="76.141"/>
</testsuite> <!-- cuesz.membersummarytest.advocate.Case22_MS_speheres_Overridetest -->
