<?xml version="1.0" encoding="UTF-8"?>
<!-- Generated by org.testng.reporters.JUnitReportReporter -->
<testsuite hostname="192-180-005-027.res.spectrum.com" failures="0" tests="1" name="cuesz.dashboard.advocate.Step14_DB_Clocktest" time="23.269" errors="0" timestamp="2023-12-26T15:38:44 IST" skipped="0">
  <testcase classname="cuesz.dashboard.advocate.Step14_DB_Clocktest" name="advocateScheduleEventTest" time="23.269"/>
</testsuite> <!-- cuesz.dashboard.advocate.Step14_DB_Clocktest -->
