<?xml version="1.0" encoding="UTF-8"?>
<!-- Generated by org.testng.reporters.JUnitReportReporter -->
<testsuite hostname="192-180-005-027.res.spectrum.com" failures="0" tests="1" name="cuesz.dashboard.advocate.Step13_DB_notificationtest" time="39.549" errors="0" timestamp="2023-12-26T15:38:44 IST" skipped="0">
  <testcase classname="cuesz.dashboard.advocate.Step13_DB_notificationtest" name="advocateScheduleEventTest" time="39.549"/>
</testsuite> <!-- cuesz.dashboard.advocate.Step13_DB_notificationtest -->
