<?xml version="1.0" encoding="UTF-8"?>
<!-- Generated by org.testng.reporters.JUnitReportReporter -->
<testsuite hostname="192-180-005-027.res.spectrum.com" failures="0" tests="1" name="cuesz.logictest.advocate.Case43_MSL_Fueltest" time="327.862" errors="0" timestamp="2023-12-26T18:03:44 IST" skipped="0">
  <testcase classname="cuesz.logictest.advocate.Case43_MSL_Fueltest" name="advocatelogicmemberTest" time="327.862"/>
</testsuite> <!-- cuesz.logictest.advocate.Case43_MSL_Fueltest -->
